<?xml version="1.0" encoding="UTF-8"?>
<!-- Generated by org.testng.reporters.JUnitReportReporter -->
<testsuite skipped="0" hostname="WIN-GEDESCREUP8" name="runnerPackage.OrangeHRM_runner_1" tests="1" failures="0" timestamp="14 Mar 2018 21:19:06 GMT" time="4.561" errors="0">
  <testcase name="runScenario" time="4.561" classname="runnerPackage.OrangeHRM_runner_1"/>
</testsuite> <!-- runnerPackage.OrangeHRM_runner_1 -->
