<?xml version="1.0" encoding="UTF-8"?>
<!-- Generated by org.testng.reporters.JUnitReportReporter -->
<testsuite skipped="0" hostname="WIN-GEDESCREUP8" name="stepDefinitionPackage.stepDefinition" tests="1" failures="0" timestamp="09 Mar 2018 02:03:03 GMT" time="4.412" errors="0">
  <testcase name="runScenario" time="4.412" classname="stepDefinitionPackage.stepDefinition"/>
</testsuite> <!-- stepDefinitionPackage.stepDefinition -->
