<?xml version="1.0" encoding="UTF-8"?>
<!-- Generated by org.testng.reporters.JUnitReportReporter -->
<testsuite skipped="0" hostname="WIN-GEDESCREUP8" name="stepDefinitionPackage.stepDefinition" tests="1" failures="0" timestamp="20 Mar 2018 00:07:12 GMT" time="5.316" errors="0">
  <testcase name="runScenario" time="5.316" classname="stepDefinitionPackage.stepDefinition"/>
</testsuite> <!-- stepDefinitionPackage.stepDefinition -->
