<?xml version="1.0" encoding="UTF-8"?>
<!-- Generated by org.testng.reporters.JUnitReportReporter -->
<testsuite skipped="0" hostname="WIN-GEDESCREUP8" name="stepDefinitionPackage.stepDefinition" tests="1" failures="0" timestamp="06 Mar 2018 03:02:25 GMT" time="2.424" errors="0">
  <testcase name="runScenario" time="2.424" classname="stepDefinitionPackage.stepDefinition"/>
</testsuite> <!-- stepDefinitionPackage.stepDefinition -->
